<?xml version="1.0" encoding="UTF-8"?>
<!-- Generated by org.testng.reporters.JUnitReportReporter -->
<testsuite skipped="0" hostname="MARKET" name="smoketests.ATagsTest" tests="1" failures="0" timestamp="22 Oct 2018 06:28:11 GMT" time="3.499" errors="0">
  <testcase name="loginElementsPresentTet" time="3.499" classname="smoketests.ATagsTest"/>
</testsuite> <!-- smoketests.ATagsTest -->
