<?xml version="1.0" encoding="UTF-8"?>
<!-- Generated by org.testng.reporters.JUnitReportReporter -->
<testsuite skipped="0" hostname="MARKET" name="tests.LoginDDT" tests="4" failures="0" timestamp="22 Oct 2018 22:43:40 GMT" time="16.848" errors="0">
  <testcase name="loginTest" time="3.792" classname="tests.LoginDDT"/>
  <testcase name="loginTest" time="3.804" classname="tests.LoginDDT"/>
  <testcase name="loginTest" time="4.309" classname="tests.LoginDDT"/>
  <testcase name="loginTest" time="4.943" classname="tests.LoginDDT"/>
</testsuite> <!-- tests.LoginDDT -->
